<?xml version="1.0" encoding="UTF-8"?>
<!-- Generated by org.testng.reporters.JUnitReportReporter -->
<testsuite hostname="ITEM-S138212" failures="0" tests="1" name="swl.SWL" time="26.902" errors="0" timestamp="28 Feb 2023 06:02:45 GMT" skipped="0">
  <testcase classname="swl.SWL" name="fill_SWL" time="26.902"/>
</testsuite> <!-- swl.SWL -->
