<?xml version="1.0" encoding="UTF-8"?>
<!-- Generated by org.testng.reporters.JUnitReportReporter -->
<testsuite hostname="ITEM-S138212" failures="0" tests="1" name="swl.SWL" time="31.005" errors="0" timestamp="04 Apr 2023 05:35:52 GMT" skipped="0">
  <testcase classname="swl.SWL" name="fill_SWL" time="31.005"/>
</testsuite> <!-- swl.SWL -->
