<?xml version="1.0" encoding="UTF-8"?>
<!-- Generated by org.testng.reporters.JUnitReportReporter -->
<testsuite hostname="ITEM-S138212" failures="0" tests="1" name="swl.SWL" time="27.034" errors="0" timestamp="09 Mar 2023 10:13:50 GMT" skipped="0">
  <testcase classname="swl.SWL" name="fill_SWL" time="27.034"/>
</testsuite> <!-- swl.SWL -->
